{"/Users/pdowning/Projects/simple-counter/src/index.js": {"path":"/Users/pdowning/Projects/simple-counter/src/index.js","statementMap":{"0":{"start":{"line":9,"column":14},"end":{"line":13,"column":1}},"1":{"start":{"line":14,"column":0},"end":{"line":18,"column":1}}},"fnMap":{},"branchMap":{"0":{"loc":{"start":{"line":11,"column":3},"end":{"line":12,"column":40}},"type":"binary-expr","locations":[{"start":{"line":11,"column":3},"end":{"line":11,"column":38}},{"start":{"line":12,"column":3},"end":{"line":12,"column":40}}],"line":11}},"s":{"0":0,"1":0},"f":{},"b":{"0":[0,0]},"hash":"9510d21a53f08a22c94d128a837c7e70df45bdb8"}
,"/Users/pdowning/Projects/simple-counter/src/actions/index.js": {"path":"/Users/pdowning/Projects/simple-counter/src/actions/index.js","statementMap":{"0":{"start":{"line":2,"column":3},"end":{"line":4,"column":4}},"1":{"start":{"line":7,"column":3},"end":{"line":9,"column":4}},"2":{"start":{"line":12,"column":3},"end":{"line":12,"column":27}}},"fnMap":{"0":{"name":"increment","decl":{"start":{"line":1,"column":16},"end":{"line":1,"column":25}},"loc":{"start":{"line":1,"column":28},"end":{"line":5,"column":1}},"line":1},"1":{"name":"decrement","decl":{"start":{"line":6,"column":16},"end":{"line":6,"column":25}},"loc":{"start":{"line":6,"column":28},"end":{"line":10,"column":1}},"line":6},"2":{"name":"reset","decl":{"start":{"line":11,"column":16},"end":{"line":11,"column":21}},"loc":{"start":{"line":11,"column":24},"end":{"line":13,"column":1}},"line":11}},"branchMap":{},"s":{"0":3,"1":3,"2":3},"f":{"0":3,"1":3,"2":3},"b":{},"_coverageSchema":"43e27e138ebf9cfc5966b082cf9a028302ed4184","hash":"5c2805dcef024c58eba5709147447b4de515ab12"}
,"/Users/pdowning/Projects/simple-counter/src/components/app.js": {"path":"/Users/pdowning/Projects/simple-counter/src/components/app.js","statementMap":{"0":{"start":{"line":7,"column":6},"end":{"line":13,"column":8}}},"fnMap":{"0":{"name":"(anonymous_0)","decl":{"start":{"line":6,"column":3},"end":{"line":6,"column":4}},"loc":{"start":{"line":6,"column":12},"end":{"line":14,"column":4}},"line":6}},"branchMap":{},"s":{"0":1},"f":{"0":1},"b":{},"_coverageSchema":"43e27e138ebf9cfc5966b082cf9a028302ed4184","hash":"29f4dfe9d3a1afa897129ce6c9ae3db4c00561b7"}
,"/Users/pdowning/Projects/simple-counter/src/components/counter.js": {"path":"/Users/pdowning/Projects/simple-counter/src/components/counter.js","statementMap":{"0":{"start":{"line":4,"column":55},"end":{"line":4,"column":65}},"1":{"start":{"line":5,"column":6},"end":{"line":16,"column":8}}},"fnMap":{"0":{"name":"(anonymous_0)","decl":{"start":{"line":3,"column":3},"end":{"line":3,"column":4}},"loc":{"start":{"line":3,"column":12},"end":{"line":17,"column":4}},"line":3}},"branchMap":{},"s":{"0":1,"1":1},"f":{"0":1},"b":{},"_coverageSchema":"43e27e138ebf9cfc5966b082cf9a028302ed4184","hash":"6173b8f0ebe82ae80fc36b5e0ef186084e3d89f4"}
,"/Users/pdowning/Projects/simple-counter/src/containers/counterContainer.js": {"path":"/Users/pdowning/Projects/simple-counter/src/containers/counterContainer.js","statementMap":{"0":{"start":{"line":5,"column":31},"end":{"line":9,"column":1}},"1":{"start":{"line":6,"column":3},"end":{"line":8,"column":5}},"2":{"start":{"line":11,"column":34},"end":{"line":17,"column":1}},"3":{"start":{"line":12,"column":3},"end":{"line":16,"column":5}},"4":{"start":{"line":13,"column":23},"end":{"line":13,"column":44}},"5":{"start":{"line":14,"column":23},"end":{"line":14,"column":44}},"6":{"start":{"line":15,"column":19},"end":{"line":15,"column":36}}},"fnMap":{"0":{"name":"(anonymous_0)","decl":{"start":{"line":5,"column":31},"end":{"line":5,"column":32}},"loc":{"start":{"line":5,"column":42},"end":{"line":9,"column":1}},"line":5},"1":{"name":"(anonymous_1)","decl":{"start":{"line":11,"column":34},"end":{"line":11,"column":35}},"loc":{"start":{"line":11,"column":48},"end":{"line":17,"column":1}},"line":11},"2":{"name":"(anonymous_2)","decl":{"start":{"line":13,"column":17},"end":{"line":13,"column":18}},"loc":{"start":{"line":13,"column":23},"end":{"line":13,"column":44}},"line":13},"3":{"name":"(anonymous_3)","decl":{"start":{"line":14,"column":17},"end":{"line":14,"column":18}},"loc":{"start":{"line":14,"column":23},"end":{"line":14,"column":44}},"line":14},"4":{"name":"(anonymous_4)","decl":{"start":{"line":15,"column":13},"end":{"line":15,"column":14}},"loc":{"start":{"line":15,"column":19},"end":{"line":15,"column":36}},"line":15}},"branchMap":{},"s":{"0":2,"1":1,"2":2,"3":3,"4":1,"5":1,"6":1},"f":{"0":1,"1":3,"2":1,"3":1,"4":1},"b":{},"_coverageSchema":"43e27e138ebf9cfc5966b082cf9a028302ed4184","hash":"726682125c5bf760bc54c95a9b6e1cb60a5e94a3"}
,"/Users/pdowning/Projects/simple-counter/src/reducers/index.js": {"path":"/Users/pdowning/Projects/simple-counter/src/reducers/index.js","statementMap":{"0":{"start":{"line":1,"column":16},"end":{"line":12,"column":1}},"1":{"start":{"line":2,"column":3},"end":{"line":11,"column":4}},"2":{"start":{"line":4,"column":8},"end":{"line":4,"column":24}},"3":{"start":{"line":6,"column":8},"end":{"line":6,"column":24}},"4":{"start":{"line":8,"column":8},"end":{"line":8,"column":16}},"5":{"start":{"line":10,"column":8},"end":{"line":10,"column":20}}},"fnMap":{"0":{"name":"(anonymous_0)","decl":{"start":{"line":1,"column":16},"end":{"line":1,"column":17}},"loc":{"start":{"line":1,"column":39},"end":{"line":12,"column":1}},"line":1}},"branchMap":{"0":{"loc":{"start":{"line":1,"column":17},"end":{"line":1,"column":26}},"type":"default-arg","locations":[{"start":{"line":1,"column":25},"end":{"line":1,"column":26}}],"line":1},"1":{"loc":{"start":{"line":2,"column":3},"end":{"line":11,"column":4}},"type":"switch","locations":[{"start":{"line":3,"column":6},"end":{"line":4,"column":24}},{"start":{"line":5,"column":6},"end":{"line":6,"column":24}},{"start":{"line":7,"column":6},"end":{"line":8,"column":16}},{"start":{"line":9,"column":6},"end":{"line":10,"column":20}}],"line":2}},"s":{"0":1,"1":7,"2":1,"3":1,"4":1,"5":4},"f":{"0":7},"b":{"0":[0],"1":[1,1,1,4]},"_coverageSchema":"43e27e138ebf9cfc5966b082cf9a028302ed4184","hash":"ce3821285fc2c521e540ea6a9f66e8f65242c757"}
}
