TN:
SF:/Users/pdowning/Projects/simple-counter/src/index.js
FNF:0
FNH:0
DA:9,0
DA:14,0
LF:2
LH:0
BRDA:11,0,0,0
BRDA:11,0,1,0
BRF:2
BRH:0
end_of_record
TN:
SF:/Users/pdowning/Projects/simple-counter/src/actions/index.js
FN:1,increment
FN:6,decrement
FN:11,reset
FNF:3
FNH:3
FNDA:3,increment
FNDA:3,decrement
FNDA:3,reset
DA:2,3
DA:7,3
DA:12,3
LF:3
LH:3
BRF:0
BRH:0
end_of_record
TN:
SF:/Users/pdowning/Projects/simple-counter/src/components/app.js
FN:6,(anonymous_0)
FNF:1
FNH:1
FNDA:1,(anonymous_0)
DA:7,1
LF:1
LH:1
BRF:0
BRH:0
end_of_record
TN:
SF:/Users/pdowning/Projects/simple-counter/src/components/counter.js
FN:3,(anonymous_0)
FNF:1
FNH:1
FNDA:1,(anonymous_0)
DA:4,1
DA:5,1
LF:2
LH:2
BRF:0
BRH:0
end_of_record
TN:
SF:/Users/pdowning/Projects/simple-counter/src/containers/counterContainer.js
FN:5,(anonymous_0)
FN:11,(anonymous_1)
FN:13,(anonymous_2)
FN:14,(anonymous_3)
FN:15,(anonymous_4)
FNF:5
FNH:5
FNDA:1,(anonymous_0)
FNDA:3,(anonymous_1)
FNDA:1,(anonymous_2)
FNDA:1,(anonymous_3)
FNDA:1,(anonymous_4)
DA:5,2
DA:6,1
DA:11,2
DA:12,3
DA:13,1
DA:14,1
DA:15,1
LF:7
LH:7
BRF:0
BRH:0
end_of_record
TN:
SF:/Users/pdowning/Projects/simple-counter/src/reducers/index.js
FN:1,(anonymous_0)
FNF:1
FNH:1
FNDA:7,(anonymous_0)
DA:1,1
DA:2,7
DA:4,1
DA:6,1
DA:8,1
DA:10,4
LF:6
LH:6
BRDA:1,0,0,0
BRDA:2,1,0,1
BRDA:2,1,1,1
BRDA:2,1,2,1
BRDA:2,1,3,4
BRF:5
BRH:4
end_of_record
